Record Nn' Sn' Vn' Fn' On'  Ns  Ss  Vs  Fs' Os' Nv  Sv   Vv  Fv' Ov' No' So' Vo' Fo'  Q Se   Q +P   V Se   V +P   S Se   S +P RR err
 100  1901   0   0   0   0   0   0   0   0   0   0   0    0   0   0   1   0   0   0  99.95 100.00      -      -      -      -   0.00
 101  1523   0   0   0   2   0   0   0   0   0   0   0    0   0   0   0   0   0   0 100.00  99.87      -      -      -      -  59.07
 103  1728   0   0   0   0   0   0   0   0   0   0   0    0   0   0   1   0   0   0  99.94 100.00      -      -      -      -  22.93
 105  2147   0   0   0  53   0   0   0   0   0   0   0    0   0   0   8   0   0   0  99.63  97.59      -      -      -      -  91.07
 106  1694   0   0   0   0   0   0   0   0   0   0   0    0   0   0   2   0   0   0  99.88 100.00      -      -      -      -  44.34
 108  1471   0   0   0 140   0   0   0   0   0   0   0    0   0   0   9   0   0   0  99.39  91.31      -      -      -      - 215.80
 109  2099   0   0   0   0   0   0   0   0   0   0   0    0   0   0   0   0   0   0 100.00 100.00      -      -      -      -   1.86
 111  1774   0   0   0   2   0   0   0   0   0   0   0    0   0   0   2   0   0   0  99.89  99.89      -      -      -      -  40.86
 112  2111   0   0   0   0   0   0   0   0   0   0   0    0   0   0   0   0   0   0 100.00 100.00      -      -      -      -   0.00
 113  1505   0   0   0   6   0   0   0   0   0   0   0    0   0   0   1   0   0   0  99.93  99.60      -      -      -      -  53.96
 114  1578   0   0   0 235   0   0   0   0   0   0   0    0   0   0  26   0   0   0  98.38  87.04      -      -      -      - 312.52
 115  1637   0   0   0   0   0   0   0   0   0   0   0    0   0   0   0   0   0   0 100.00 100.00      -      -      -      -   0.00
 116  2000   0   0   0   4   0   0   0   0   0   0   0    0   0   0  17   0   0   0  99.16  99.80      -      -      -      - 405.38
 117  1284   0   0   0   0   0   0   0   0   0   0   0    0   0   0   0   0   0   0 100.00 100.00      -      -      -      -  20.60
 118  1916   0   0   0   1   0   0   0   0   0   0   0    0   0   0   0   0   0   0 100.00  99.95      -      -      -      -  13.50
 119  1661   0   0   0   9   0   0   0   0   0   0   0    0   0   0   0   0   0   0 100.00  99.46      -      -      -      -  79.97
 121  1559   0   0   0   0   0   0   0   0   0   0   0    0   0   0   1   0   0   0  99.94 100.00      -      -      -      -  29.22
 122  2054   0   0   0   0   0   0   0   0   0   0   0    0   0   0   0   0   0   0 100.00 100.00      -      -      -      -   0.00
 123  1269   0   0   0   0   0   0   0   0   0   0   0    0   0   0   0   0   0   0 100.00 100.00      -      -      -      -   0.00
 124  1367   0   0   0   0   0   0   0   0   0   0   0    0   0   0   0   0   0   0 100.00 100.00      -      -      -      -   4.42
 200  2164   0   0   0   1   0   0   0   0   0   0   0    0   0   0   4   0   0   0  99.82  99.95      -      -      -      -  35.60
 201  1499   0   0   0  27   0   0   0   0   0   0   0    0   0   0  22   0   0   0  98.55  98.23      -      -      -      - 260.23
 202  1866   0   0   0   0   0   0   0   0   0   0   0    0   0   0   5   0   0   0  99.73 100.00      -      -      -      -  54.68
 203  2410   0   0   0  28   0   0   0   0   0   0   0    0   0   0  71   0   0   0  97.14  98.85      -      -      -      - 179.55
 205  2199   0   0   0   8   0   0   0   0   0   0   0    0   0   0   2   0   0   0  99.91  99.64      -      -      -      -  43.01
 207  1486   0 104   0 253   0   0   0   0   0   0   0    0   0   0   1   0   1   0  99.87  86.27   0.00      -      -      - 36673.66
 208  2425   0   0   0   6   0   0   0   0   0   0   0    0   0   0  12   0   0   0  99.51  99.75      -      -      -      - 225.00
 209  2519   0   0   0   3   0   0   0   0   0   0   0    0   0   0   0   0   0   0 100.00  99.88      -      -      -      -  16.56
 210  2180   0   1   0   2   0   0   0   0   0   0   0    0   0   0  23   0   0   0  98.96  99.91   0.00      -      -      -  88.65
 212  2285   0   0   0   0   0   0   0   0   0   0   0    0   0   0   0   0   0   0 100.00 100.00      -      -      -      -   0.00
 213  2697   0   0   0   0   0   0   0   0   0   0   0    0   0   0   3   0   0   0  99.89 100.00      -      -      -      -  21.98
 214  1879   0   0   0   8   0   0   0   0   0   0   0    0   0   0   0   0   0   0 100.00  99.58      -      -      -      -  71.90
 215  2793   0   0   0   0   0   0   0   0   0   0   0    0   0   0   2   0   0   0  99.93 100.00      -      -      -      -  17.37
 219  1772   0   0   0   1   0   0   0   0   0   0   0    0   0   0   1   0   0   0  99.94  99.94      -      -      -      -  71.54
 220  1694   0   0   0   0   0   0   0   0   0   0   0    0   0   0   0   0   0   0 100.00 100.00      -      -      -      -   0.00
 221  2020   0   0   0   0   0   0   0   0   0   0   0    0   0   0   0   0   0   0 100.00 100.00      -      -      -      -   0.00
 222  2096   0   0   0 137   0   0   0   0   0   0   0    0   0   0  20   0   0   0  99.05  93.86      -      -      -      - 153.04
 223  2197   0   0   0   0   0   0   0   0   0   0   0    0   0   0   2   0   0   0  99.91 100.00      -      -      -      -  34.33
 228  1631   0   0   0   6   0   0   0   0   0   0   0    0   0   0  72   0   0   0  95.77  99.63      -      -      -      - 297.79
 230  1859   0   0   0   0   0   0   0   0   0   0   0    0   0   0   0   0   0   0 100.00 100.00      -      -      -      -   2.48
 231  1278   0   0   0   0   0   0   0   0   0   0   0    0   0   0   0   0   0   0 100.00 100.00      -      -      -      -   0.00
 232  1485   0   0   0 284   0   0   0   0   0   0   0    0   0   0   0   0   0   0 100.00  83.95      -      -      -      - 926.73
 233  2560   0   0   0   0   0   0   0   0   0   0   0    0   0   0   1   0   0   0  99.96 100.00      -      -      -      -  23.28
 234  2291   0   0   0   0   0   0   0   0   0   0   0    0   0   0   0   0   0   0 100.00 100.00      -      -      -      -   0.00
____________________________________________________________________________________________________________________________________
Sum  83563   0 105   0 1216   0   0   0   0   0   0   0    0   0   0 309   0   1   0
Gross                                                                                99.63  98.57   0.00      -      -      -
Average                                                                              99.64  98.50   0.00      -      -      - 922.57
Total QRS complexes: 83978  Total VEBs: 106  Total SVEBs: 0

Summary of results from 44 records
