Record Nn' Sn' Vn' Fn' On'  Ns  Ss  Vs  Fs' Os' Nv  Sv   Vv  Fv' Ov' No' So' Vo' Fo'  Q Se   Q +P   V Se   V +P   S Se   S +P RR err
 100  1847  29   1   0   0   0   0   0   0   0   0   0    0   0   0  17   0   0   0  99.10 100.00   0.00      -   0.00      - 108.97
 101  1486   3   0   2   2   0   0   0   0   0   0   0    0   0   0  27   0   0   0  98.22  99.87      -      -   0.00      - 211.17
 103  1685   1   0   0   0   0   0   0   0   0   0   0    0   0   0  36   1   0   0  97.85 100.00      -      -   0.00      - 196.22
 105  2010   0  29   2  32   0   0   0   0   0   0   0    0   0   0 104   0   0   3  95.02  98.46   0.00      -      -      - 270.69
 106  1221   0 428   0   1   0   0   0   0   0   0   0    0   0   0  11   0  30   0  97.57  99.94   0.00      -      -      - 213.52
 108  1428   5  10   2  77   0   0   0   0   0   0   0    0   0   0  26   0   3   0  98.03  94.94   0.00      -   0.00      - 250.08
 109  2060   0  25   0   0   0   0   0   0   0   0   0    0   0   0   0   0   6   0  99.71 100.00   0.00      -      -      -  58.24
 111  1706   0   0   0  65   0   0   0   0   0   0   0    0   0   0  63   0   1   0  96.38  96.33   0.00      -      -      - 289.92
 112  2091   2   0   0   0   0   0   0   0   0   0   0    0   0   0  10   0   0   0  99.52 100.00      -      -   0.00      -  83.78
 113  1492   5   0   0  37   0   0   0   0   0   0   0    0   0   0   3   0   0   0  99.80  97.59      -      -   0.00      - 133.34
 114  1453  10  25   4 360   0   0   0   0   0   0   0    0   0   0  99   1   5   0  93.43  80.56   0.00      -   0.00      - 448.54
 115  1601   0   0   0   0   0   0   0   0   0   0   0    0   0   0  29   0   0   0  98.22 100.00      -      -      -      - 185.54
 116  1860   1  93   0   1   0   0   0   0   0   0   0    0   0   0  50   0   5   0  97.26  99.95   0.00      -   0.00      - 652.96
 117  1278   1   0   0  16   0   0   0   0   0   0   0    0   0   0   0   0   0   0 100.00  98.76      -      -   0.00      -  97.81
 118  1811  84  13   0   2   0   0   0   0   0   0   0    0   0   0   1   0   0   0  99.95  99.90   0.00      -   0.00      -  37.01
 119  1174   0 355   0   1   0   0   0   0   0   0   0    0   0   0 117   0   9   0  92.39  99.93   0.00      -      -      - 374.43
 121  1549   1   1   0   1   0   0   0   0   0   0   0    0   0   0   2   0   0   0  99.87  99.94   0.00      -   0.00      -  44.09
 122  2030   0   0   0   0   0   0   0   0   0   0   0    0   0   0  16   0   0   0  99.22 100.00      -      -      -      -  93.27
 123  1254   0   3   0   1   0   0   0   0   0   0   0    0   0   0   7   0   0   0  99.45  99.92   0.00      -      -      - 116.89
 124  1242  22  28   5   0   0   0   0   0   0   0   0    0   0   0  45   0  19   0  95.30 100.00   0.00      -   0.00      - 403.65
 200  1332  27 562   1   1   0   0   0   0   0   0   0    0   0   0  98   1 138   1  88.98  99.95   0.00      -   0.00      - 456.27
 201  1142 112 146   2  47   0   0   0   0   0   0   0    0   0   0  40  23  52   0  92.42  96.76   0.00      -   0.00      - 440.96
 202  1722  49   8   1   6   0   0   0   0   0   0   0    0   0   0  70   6   7   0  95.54  99.66   0.00      -   0.00      - 272.64
 203  1841   0 239   1  16   0   0   0   0   0   0   0    0   0   0 255   0 134   4  84.11  99.24   0.00      -      -      - 501.69
 205  2061   2  29  10   0   0   0   0   0   0   0   0    0   0   0  54   0  36   1  95.85 100.00   0.00      -   0.00      - 301.89
 207  1280  77  88   0  76   0   0   0   0   0   0   0    0   0   0  96  20  21   0  91.34  95.00   0.00      -   0.00      - 21131.85
 208  1195   2 639 282   3   0   0   0   0   0   0   0    0   0   0 108   0 182  20  87.23  99.86   0.00      -   0.00      - 460.50
 209  2125 356   1   0   7   0   0   0   0   0   0   0    0   0   0  13  16   0   0  98.85  99.72   0.00      -   0.00      -  81.74
 210  1920  12 107   6   3   0   0   0   0   0   0   0    0   0   0  84   8  56   3  93.12  99.85   0.00      -   0.00      - 274.93
 212  2263   0   0   0   0   0   0   0   0   0   0   0    0   0   0  14   0   0   0  99.39 100.00      -      -      -      -  74.49
 213  2094  25 188 264   0   0   0   0   0   0   0   0    0   0   0 106   1   7   5  95.58 100.00   0.00      -   0.00      - 177.88
 214  1380   0 194   2   1   0   0   0   0   0   0   0    0   0   0 277   0  17   1  84.23  99.94   0.00      -      -      - 628.65
 215  2559   2 128   0   0   0   0   0   0   0   0   0    0   0   0  92   0   3   1  96.55 100.00   0.00      -   0.00      - 146.36
 219  1665   7  44   0   0   0   0   0   0   0   0   0    0   0   0  44   0   6   0  97.17 100.00   0.00      -   0.00      - 199.11
 220  1594  90   0   0   0   0   0   0   0   0   0   0    0   0   0   0   3   0   0  99.82 100.00      -      -   0.00      -  37.15
 221  1622   0 170   0   0   0   0   0   0   0   0   0    0   0   0  75   0 146   0  89.02 100.00   0.00      -      -      - 400.53
 222  1484 375   0   0  92   0   0   0   0   0   0   0    0   0   0 202  46   0   0  88.23  95.28      -      -   0.00      - 395.78
 223  1612  80 389   8   0   0   0   0   0   0   0   0    0   0   0  36   0  66   0  95.34 100.00   0.00      -   0.00      - 224.90
 228  1263   3 270   0  13   0   0   0   0   0   0   0    0   0   0 131   0  30   0  90.51  99.16   0.00      -   0.00      - 441.83
 230  1824   0   1   0   0   0   0   0   0   0   0   0    0   0   0  26   0   0   0  98.60 100.00   0.00      -      -      - 169.00
 231  1260   0   0   0   2   0   0   0   0   0   0   0    0   0   0  12   0   0   0  99.06  99.84      -      -      -      - 235.80
 232   316 1160   0   0  19   0   0   0   0   0   0   0    0   0   0   0   5   0   0  99.66  98.73      -      -   0.00      - 193.00
 233  1778   4 568   6   0   0   0   0   0   0   0   0    0   0   0  73   0 122   0  92.36 100.00   0.00      -   0.00      - 293.81
 234  2226  48   1   0   0   0   0   0   0   0   0   0    0   0   0   4   2   2   0  99.65 100.00   0.00      -   0.00      -  54.96
____________________________________________________________________________________________________________________________________
Sum  71836 2595 4783 598 882   0   0   0   0   0   0   0    0   0   0 2573 133 1103  39
Gross                                                                                95.40  98.91   0.00      -   0.00      -
Average                                                                              95.66  98.84   0.00      -   0.00      - 724.22
Total QRS complexes: 83660  Total VEBs: 5886  Total SVEBs: 2728

Summary of results from 44 records
