Record Nn' Sn' Vn' Fn' On'  Ns  Ss  Vs  Fs' Os' Nv  Sv   Vv  Fv' Ov' No' So' Vo' Fo'  Q Se   Q +P   V Se   V +P   S Se   S +P RR err
 100  1863  29   1   0   0   0   0   0   0   0   0   0    0   0   0   1   0   0   0  99.95 100.00   0.00      -   0.00      -  26.71
 101  1496   3   0   2   3   0   0   0   0   0   0   0    0   0   0  17   0   0   0  98.88  99.80      -      -   0.00      - 176.27
 103  1719   2   0   0   0   0   0   0   0   0   0   0    0   0   0   2   0   0   0  99.88 100.00      -      -   0.00      -  41.42
 105  2039   0  28   3  34   0   0   0   0   0   0   0    0   0   0  75   0   1   2  96.37  98.38   0.00      -      -      - 208.39
 106  1227   0 437   0   0   0   0   0   0   0   0   0    0   0   0   5   0  21   0  98.46 100.00   0.00      -      -      - 160.82
 108  1366   5  12   2  64   0   0   0   0   0   0   0    0   0   0  88   0   1   0  93.96  95.58   0.00      -   0.00      - 441.23
 109  2060   0  27   0   0   0   0   0   0   0   0   0    0   0   0   0   0   4   0  99.81 100.00   0.00      -      -      -  46.21
 111  1717   0   0   0  28   0   0   0   0   0   0   0    0   0   0  52   0   1   0  97.01  98.40   0.00      -      -      - 235.14
 112  2097   2   0   0   1   0   0   0   0   0   0   0    0   0   0   4   0   0   0  99.81  99.95      -      -   0.00      -  45.46
 113  1487   5   0   0   9   0   0   0   0   0   0   0    0   0   0   8   0   0   0  99.47  99.40      -      -   0.00      - 120.79
 114  1526  11  28   4  47   0   0   0   0   0   0   0    0   0   0  26   0   2   0  98.25  97.09   0.00      -   0.00      - 215.49
 115  1630   0   0   0   0   0   0   0   0   0   0   0    0   0   0   0   0   0   0 100.00 100.00      -      -      -      -   4.23
 116  1885   1  91   0   3   0   0   0   0   0   0   0    0   0   0  25   0   7   0  98.41  99.85   0.00      -   0.00      - 625.59
 117  1278   1   0   0   4   0   0   0   0   0   0   0    0   0   0   0   0   0   0 100.00  99.69      -      -   0.00      -  47.73
 118  1810  83  12   0   3   0   0   0   0   0   0   0    0   0   0   2   1   1   0  99.79  99.84   0.00      -   0.00      -  68.28
 119  1256   0 361   0   0   0   0   0   0   0   0   0    0   0   0  35   0   3   0  97.70 100.00   0.00      -      -      - 206.54
 121  1545   1   1   0   0   0   0   0   0   0   0   0    0   0   0   6   0   0   0  99.61 100.00   0.00      -   0.00      -  70.63
 122  2045   0   0   0   0   0   0   0   0   0   0   0    0   0   0   1   0   0   0  99.95 100.00      -      -      -      -  24.04
 123  1259   0   3   0   0   0   0   0   0   0   0   0    0   0   0   2   0   0   0  99.84 100.00   0.00      -      -      -  66.48
 124  1287  22  31   5   0   0   0   0   0   0   0   0    0   0   0   0   0  16   0  98.82 100.00   0.00      -   0.00      - 287.55
 200  1407  28 616   1   5   0   0   0   0   0   0   0    0   0   0  23   0  84   1  95.00  99.76   0.00      -   0.00      - 245.18
 201  1176 123 192   2   1   0   0   0   0   0   0   0    0   0   0   6  12   6   0  98.42  99.93   0.00      -   0.00      - 183.59
 202  1786  48  14   1   1   0   0   0   0   0   0   0    0   0   0   6   7   1   0  99.25  99.95   0.00      -   0.00      -  89.83
 203  2008   0 276   2  20   0   0   0   0   0   0   0    0   0   0  88   0  97   3  92.40  99.13   0.00      -      -      - 276.55
 205  2078   2  54  10   0   0   0   0   0   0   0   0    0   0   0  37   0  11   1  97.77 100.00   0.00      -   0.00      - 139.29
 207  1334  80  67   0 103   0   0   0   0   0   0   0    0   0   0  42  17  42   0  93.62  93.50   0.00      -   0.00      - 24252.17
 208  1268   2 751 293   7   0   0   0   0   0   0   0    0   0   0  35   0  70   9  95.30  99.70   0.00      -   0.00      - 319.28
 209  2114 363   1   0  10   0   0   0   0   0   0   0    0   0   0  24   9   0   0  98.69  99.60   0.00      -   0.00      -  99.72
 210  2001  15 120   8   3   0   0   0   0   0   0   0    0   0   0   3   5  43   1  97.63  99.86   0.00      -   0.00      - 151.35
 212  2265   0   0   0   3   0   0   0   0   0   0   0    0   0   0  12   0   0   0  99.47  99.87      -      -      -      -  72.99
 213  2172  26 160 265   0   0   0   0   0   0   0   0    0   0   0  28   0  35   4  97.51 100.00   0.00      -   0.00      - 146.80
 214  1629   0 204   2   0   0   0   0   0   0   0   0    0   0   0  28   0   7   1  98.08 100.00   0.00      -      -      - 178.99
 215  2632   2 127   0   1   0   0   0   0   0   0   0    0   0   0  19   0   4   1  99.14  99.96   0.00      -   0.00      -  67.09
 219  1706   7  48   0   0   0   0   0   0   0   0   0    0   0   0   3   0   2   0  99.72 100.00   0.00      -   0.00      -  85.63
 220  1593  93   0   0   0   0   0   0   0   0   0   0    0   0   0   1   0   0   0  99.94 100.00      -      -   0.00      -  33.11
 221  1691   0 283   0   0   0   0   0   0   0   0   0    0   0   0   6   0  33   0  98.06 100.00   0.00      -      -      - 143.29
 222  1523 386   0   0  60   0   0   0   0   0   0   0    0   0   0 163  35   0   0  90.60  96.95      -      -   0.00      - 387.65
 223  1648  80 414   8   1   0   0   0   0   0   0   0    0   0   0   0   0  41   0  98.13  99.95   0.00      -   0.00      - 119.06
 228  1303   3 293   0  35   0   0   0   0   0   0   0    0   0   0  91   0   7   0  94.23  97.86   0.00      -   0.00      - 353.78
 230  1845   0   1   0   0   0   0   0   0   0   0   0    0   0   0   5   0   0   0  99.73 100.00   0.00      -      -      -  60.57
 231  1267   0   0   0   6   0   0   0   0   0   0   0    0   0   0   5   0   0   0  99.61  99.53      -      -      -      - 173.26
 232   313 1143   0   0  24   0   0   0   0   0   0   0    0   0   0   3  22   0   0  98.31  98.38      -      -   0.00      - 315.21
 233  1802   4 636   6   0   0   0   0   0   0   0   0    0   0   0  49   0  54   0  95.96 100.00   0.00      -   0.00      - 197.39
 234  2219  50   3   0   0   0   0   0   0   0   0   0    0   0   0  11   0   0   0  99.52 100.00   0.00      -   0.00      -  65.13
____________________________________________________________________________________________________________________________________
Sum  73372 2620 5292 614 476   0   0   0   0   0   0   0    0   0   0 1037 108 594  23
Gross                                                                                97.89  99.42   0.00      -   0.00      -
Average                                                                              98.00  99.36   0.00      -   0.00      - 710.82
Total QRS complexes: 83660  Total VEBs: 5886  Total SVEBs: 2728

Summary of results from 44 records
