Record Nn' Sn' Vn' Fn' On'  Ns  Ss  Vs  Fs' Os' Nv  Sv   Vv  Fv' Ov' No' So' Vo' Fo'  Q Se   Q +P   V Se   V +P   S Se   S +P RR err
 100  1867  29   1   0   0   0   0   0   0   0   0   0    0   0   0   2   0   0   0  99.89 100.00   0.00      -   0.00      -  37.19
 101  1505   3   0   2   3   0   0   0   0   0   0   0    0   0   0  12   0   0   0  99.21  99.80      -      -   0.00      - 137.19
 103  1722   2   0   0   0   0   0   0   0   0   0   0    0   0   0   3   0   0   0  99.83 100.00      -      -   0.00      -  52.03
 105  2063   0  28   3  34   0   0   0   0   0   0   0    0   0   0  56   0   1   2  97.26  98.40   0.00      -      -      - 171.29
 106  1221   0 441   0   0   0   0   0   0   0   0   0    0   0   0  14   0  19   0  98.05 100.00   0.00      -      -      - 177.02
 108  1366   5  13   2  86   0   0   0   0   0   0   0    0   0   0  92   0   0   0  93.78  94.16   0.00      -   0.00      - 426.70
 109  2061   0  28   0   0   0   0   0   0   0   0   0    0   0   0   4   0   4   0  99.62 100.00   0.00      -      -      -  62.86
 111  1762   0   1   0  24   0   0   0   0   0   0   0    0   0   0  11   0   0   0  99.38  98.66   0.00      -      -      - 124.42
 112  2092   2   0   0   1   0   0   0   0   0   0   0    0   0   0  15   0   0   0  99.29  99.95      -      -   0.00      -  85.60
 113  1482   5   0   0   1   0   0   0   0   0   0   0    0   0   0  17   0   0   0  98.87  99.93      -      -   0.00      - 154.60
 114  1530  10  29   4  64   0   0   0   0   0   0   0    0   0   0  27   1   1   0  98.19  96.09   0.00      -   0.00      - 231.25
 115  1621   0   0   0   0   0   0   0   0   0   0   0    0   0   0  14   0   0   0  99.14 100.00      -      -      -      - 119.08
 116  1893   1  94   0   2   0   0   0   0   0   0   0    0   0   0  22   0   4   0  98.71  99.90   0.00      -   0.00      - 579.45
 117  1281   1   0   0   2   0   0   0   0   0   0   0    0   0   0   0   0   0   0 100.00  99.84      -      -   0.00      -  39.42
 118  1810  84  12   0   3   0   0   0   0   0   0   0    0   0   0   6   1   1   0  99.58  99.84   0.00      -   0.00      -  83.05
 119  1279   0 356   0   0   0   0   0   0   0   0   0    0   0   0  16   0   8   0  98.55 100.00   0.00      -      -      - 154.24
 121  1553   1   1   0   0   0   0   0   0   0   0   0    0   0   0   3   0   0   0  99.81 100.00   0.00      -   0.00      -  51.80
 122  2052   0   0   0   0   0   0   0   0   0   0   0    0   0   0   0   0   0   0 100.00 100.00      -      -      -      -   5.14
 123  1255   0   3   0   1   0   0   0   0   0   0   0    0   0   0  10   0   0   0  99.21  99.92   0.00      -      -      - 151.19
 124  1291  22  29   5   0   0   0   0   0   0   0   0    0   0   0   0   0  18   0  98.68 100.00   0.00      -   0.00      - 305.29
 200  1414  28 667   1   4   0   0   0   0   0   0   0    0   0   0  21   0  33   1  97.46  99.81   0.00      -   0.00      - 164.10
 201  1183 119 193   2   0   0   0   0   0   0   0   0    0   0   0   1  17   5   0  98.49 100.00   0.00      -   0.00      - 166.49
 202  1798  48  14   1   2   0   0   0   0   0   0   0    0   0   0   0   7   1   0  99.57  99.89   0.00      -   0.00      -  72.35
 203  2032   0 297   2  17   0   0   0   0   0   0   0    0   0   0  69   0  76   3  94.03  99.28   0.00      -      -      - 247.26
 205  2107   2  58  10   0   0   0   0   0   0   0   0    0   0   0  14   0   7   1  99.00 100.00   0.00      -   0.00      -  92.24
 207  1346  97  80   0  91   0   0   0   0   0   0   0    0   0   0  30   7  29   0  95.85  94.36   0.00      -   0.00      - 22893.80
 208  1276   2 780 301   6   0   0   0   0   0   0   0    0   0   0  30   0  43   2  96.92  99.75   0.00      -   0.00      - 291.10
 209  2132 357   1   0   6   0   0   0   0   0   0   0    0   0   0  12  15   0   0  98.93  99.76   0.00      -   0.00      -  82.85
 210  2003  17 133   6   3   0   0   0   0   0   0   0    0   0   0   5   3  31   3  98.09  99.86   0.00      -   0.00      - 131.29
 212  2273   0   0   0   5   0   0   0   0   0   0   0    0   0   0   9   0   0   0  99.61  99.78      -      -      -      -  64.43
 213  2198  27 168 266   0   0   0   0   0   0   0   0    0   0   0   8   0  27   3  98.59 100.00   0.00      -   0.00      - 113.49
 214  1637   0 202   2   0   0   0   0   0   0   0   0    0   0   0  25   0  10   1  98.08 100.00   0.00      -      -      - 170.46
 215  2623   2 128   0   3   0   0   0   0   0   0   0    0   0   0  35   0   3   1  98.60  99.89   0.00      -   0.00      -  92.92
 219  1709   7  50   0   1   0   0   0   0   0   0   0    0   0   0   4   0   1   0  99.72  99.94   0.00      -   0.00      -  69.44
 220  1595  92   0   0   0   0   0   0   0   0   0   0    0   0   0   4   1   0   0  99.70 100.00      -      -   0.00      -  71.18
 221  1693   0 279   0   0   0   0   0   0   0   0   0    0   0   0   9   0  37   0  97.72 100.00   0.00      -      -      - 160.52
 222  1561 392   0   0  80   0   0   0   0   0   0   0    0   0   0 132  29   0   0  92.38  96.06      -      -   0.00      - 312.70
 223  1653  80 414   8   1   0   0   0   0   0   0   0    0   0   0   1   0  41   0  98.09  99.95   0.00      -   0.00      - 122.21
 228  1340   3 292   0  23   0   0   0   0   0   0   0    0   0   0  57   0  10   0  96.06  98.61   0.00      -   0.00      - 316.10
 230  1848   0   1   0   0   0   0   0   0   0   0   0    0   0   0   8   0   0   0  99.57 100.00   0.00      -      -      -  73.94
 231  1261   0   0   0   8   0   0   0   0   0   0   0    0   0   0  15   0   0   0  98.82  99.37      -      -      -      - 194.43
 232   311 1159   0   0  31   0   0   0   0   0   0   0    0   0   0   6   9   0   0  98.99  97.93      -      -   0.00      - 333.71
 233  1847   4 660   5   0   0   0   0   0   0   0   0    0   0   0   9   0  32   1  98.36 100.00   0.00      -   0.00      - 107.72
 234  2234  50   3   0   0   0   0   0   0   0   0   0    0   0   0   2   0   0   0  99.91 100.00   0.00      -   0.00      -  27.42
____________________________________________________________________________________________________________________________________
Sum  73780 2651 5456 620 502   0   0   0   0   0   0   0    0   0   0 830  90 442  18
Gross                                                                                98.35  99.40   0.00      -   0.00      -
Average                                                                              98.40  99.34   0.00      -   0.00      - 670.93
Total QRS complexes: 83887  Total VEBs: 5898  Total SVEBs: 2741

Summary of results from 44 records
